<?xml version="1.0" encoding="UTF-8"?>
<!-- Generated by org.testng.reporters.JUnitXMLReporter -->
<testsuite ignored="0" hostname="DESKTOP-50UMF19" failures="0" tests="2" name="Test" time="0.111" errors="0" timestamp="2022-12-02T21:27:35 IST">
  <testcase classname="testCases.OrangeHRMLoginLogoutTest" name="@BeforeClass launchOrangeHRM" time="0.009">
    <failure type="java.io.FileNotFoundException" message="C:\Users\Mtronics Computers\Documents\auto program\E2EFrrameworkC:\Users\Mtronics Computers\Documents\ExcelAutomation\Testdata1.xlsx (The filename, directory name, or volume label syntax is incorrect)">
      <![CDATA[java.io.FileNotFoundException: C:\Users\Mtronics Computers\Documents\auto program\E2EFrrameworkC:\Users\Mtronics Computers\Documents\ExcelAutomation\Testdata1.xlsx (The filename, directory name, or volume label syntax is incorrect)
at java.base/java.io.FileInputStream.open0(Native Method)
at java.base/java.io.FileInputStream.open(FileInputStream.java:216)
at java.base/java.io.FileInputStream.<init>(FileInputStream.java:157)
at java.base/java.io.FileInputStream.<init>(FileInputStream.java:111)
at resourcess.ExcelHanler1.handleExcel(ExcelHanler1.java:26)
at resourcess.Base.initilizeDriver(Base.java:34)
at testCases.OrangeHRMLoginLogoutTest.launchOrangeHRM(OrangeHRMLoginLogoutTest.java:28)
at java.base/java.util.ArrayList.forEach(ArrayList.java:1511)
... Removed 25 stack frames]]>
    </failure>
  </testcase> <!-- @BeforeClass launchOrangeHRM -->
  <testcase classname="testCases.OrangeHRMLoginLogoutTest" name="@AfterClass closeOrangeHRM" time="-1.669996655524E9">
    <skipped/>
  </testcase> <!-- @AfterClass closeOrangeHRM -->
  <testcase classname="testCases.OrangeHRMLoginLogout" name="@BeforeClass launchOrangeHRM" time="0.0">
    <failure type="java.io.FileNotFoundException" message="C:\Users\Mtronics Computers\Documents\auto program\E2EFrrameworkC:\Users\Mtronics Computers\Documents\ExcelAutomation\Testdata1.xlsx (The filename, directory name, or volume label syntax is incorrect)">
      <![CDATA[java.io.FileNotFoundException: C:\Users\Mtronics Computers\Documents\auto program\E2EFrrameworkC:\Users\Mtronics Computers\Documents\ExcelAutomation\Testdata1.xlsx (The filename, directory name, or volume label syntax is incorrect)
at java.base/java.io.FileInputStream.open0(Native Method)
at java.base/java.io.FileInputStream.open(FileInputStream.java:216)
at java.base/java.io.FileInputStream.<init>(FileInputStream.java:157)
at java.base/java.io.FileInputStream.<init>(FileInputStream.java:111)
at resourcess.ExcelHanler1.handleExcel(ExcelHanler1.java:26)
at resourcess.Base.initilizeDriver(Base.java:34)
at testCases.OrangeHRMLoginLogout.launchOrangeHRM(OrangeHRMLoginLogout.java:28)
at java.base/java.util.ArrayList.forEach(ArrayList.java:1511)
... Removed 25 stack frames]]>
    </failure>
  </testcase> <!-- @BeforeClass launchOrangeHRM -->
  <testcase classname="testCases.OrangeHRMLoginLogout" name="@AfterClass closeOrangeHRM" time="-1.669996655551E9">
    <skipped/>
  </testcase> <!-- @AfterClass closeOrangeHRM -->
  <testcase classname="testCases.OrangeHRMLoginLogoutTest" name="loginLogoutTest" time="0.0">
    <skipped/>
  </testcase> <!-- loginLogoutTest -->
  <testcase classname="testCases.OrangeHRMLoginLogout" name="loginLogoutTest" time="0.0">
    <skipped/>
  </testcase> <!-- loginLogoutTest -->
</testsuite> <!-- Test -->
