<?xml version="1.0" encoding="UTF-8"?>
<testng-results ignored="0" total="1" passed="1" failed="0" skipped="0">
  <reporter-output>
  </reporter-output>
  <suite started-at="2022-10-28T15:11:38 IST" name="Surefire suite" finished-at="2022-10-28T15:11:59 IST" duration-ms="20719">
    <groups>
    </groups>
    <test started-at="2022-10-28T15:11:38 IST" name="Surefire test" finished-at="2022-10-28T15:11:59 IST" duration-ms="20719">
      <class name="pageFactoryTestCases.OHRMForgotPasswordTest">
        <test-method is-config="true" signature="launchOrangeHRM()[pri:0, instance:pageFactoryTestCases.OHRMForgotPasswordTest@52aa2946]" started-at="2022-10-28T15:11:38 IST" name="launchOrangeHRM" finished-at="2022-10-28T15:11:53 IST" duration-ms="14336" status="PASS">
          <reporter-output>
          </reporter-output>
        </test-method> <!-- launchOrangeHRM -->
        <test-method signature="ResetPasswordTest()[pri:0, instance:pageFactoryTestCases.OHRMForgotPasswordTest@52aa2946]" started-at="2022-10-28T15:11:53 IST" name="ResetPasswordTest" finished-at="2022-10-28T15:11:59 IST" duration-ms="6109" status="PASS">
          <reporter-output>
          </reporter-output>
        </test-method> <!-- ResetPasswordTest -->
        <test-method is-config="true" signature="CloseOrangeHRM()[pri:0, instance:pageFactoryTestCases.OHRMForgotPasswordTest@52aa2946]" started-at="2022-10-28T15:11:59 IST" name="CloseOrangeHRM" finished-at="2022-10-28T15:11:59 IST" duration-ms="202" status="PASS">
          <reporter-output>
          </reporter-output>
        </test-method> <!-- CloseOrangeHRM -->
      </class> <!-- pageFactoryTestCases.OHRMForgotPasswordTest -->
    </test> <!-- Surefire test -->
  </suite> <!-- Surefire suite -->
</testng-results>
